app/mapping.txt
# compiler: R8
# compiler_version: 1.5.69
# min_api: 21
# pg_map_id: 3e7fb93
com.gongwu.wherecollect.FragmentMain.HomeFragment -> com.gongwu.wherecollect.FragmentMain.HomeFragment:
    java.lang.String familyCode -> i
    com.gongwu.wherecollect.view.HomeFragmentAdapter adapter -> m
    int selectPosition -> h
    java.util.List mFamilylist -> j
    boolean init -> f
    boolean refreshFragment -> g
    com.gongwu.wherecollect.view.PopupFamilyList popup -> n
    java.util.List fragments -> l
    java.util.List rooms -> k
    java.util.List access$000(com.gongwu.wherecollect.FragmentMain.HomeFragment) -> a
    java.lang.String access$102(com.gongwu.wherecollect.FragmentMain.HomeFragment,java.lang.String) -> a
    void getUserFamilyRoomSuccess(com.gongwu.wherecollect.net.entity.response.HomeFamilyRoomBean) -> a
    void hideProgressDialog() -> a
    android.view.View initView(android.view.LayoutInflater,android.view.ViewGroup,android.os.Bundle) -> a
    java.lang.String access$100(com.gongwu.wherecollect.FragmentMain.HomeFragment) -> b
    void showProgressDialog() -> b
    android.content.Context access$200(com.gongwu.wherecollect.FragmentMain.HomeFragment) -> c
    android.content.Context access$300(com.gongwu.wherecollect.FragmentMain.HomeFragment) -> d
    com.gongwu.wherecollect.base.BasePresenter access$400(com.gongwu.wherecollect.FragmentMain.HomeFragment) -> e
    com.gongwu.wherecollect.base.BasePresenter initPresenter() -> e
    com.gongwu.wherecollect.contract.presenter.HomePresenter initPresenter() -> e
com.gongwu.wherecollect.FragmentMain.HomeFragment$1 -> com.gongwu.wherecollect.FragmentMain.HomeFragment$a:
    com.gongwu.wherecollect.FragmentMain.HomeFragment this$0 -> a
    void onItemsClick(int,android.view.View) -> b
com.gongwu.wherecollect.FragmentMain.HomeFragment$2 -> com.gongwu.wherecollect.FragmentMain.HomeFragment$b:
    int compare(com.gongwu.wherecollect.net.entity.response.RoomBean,com.gongwu.wherecollect.net.entity.response.RoomBean) -> a
com.gongwu.wherecollect.FragmentMain.HomeFragment_ViewBinding -> com.gongwu.wherecollect.FragmentMain.HomeFragment_ViewBinding:
    com.gongwu.wherecollect.FragmentMain.HomeFragment target -> a
    android.view.View view7f080105 -> c
    android.view.View view7f08013b -> b
com.gongwu.wherecollect.FragmentMain.HomeFragment_ViewBinding$1 -> com.gongwu.wherecollect.FragmentMain.HomeFragment_ViewBinding$a:
    com.gongwu.wherecollect.FragmentMain.HomeFragment val$target -> a
com.gongwu.wherecollect.FragmentMain.HomeFragment_ViewBinding$2 -> com.gongwu.wherecollect.FragmentMain.HomeFragment_ViewBinding$b:
    com.gongwu.wherecollect.FragmentMain.HomeFragment val$target -> a
...
razerdp.basepopup.BasePopupFlag -> razerdp.basepopup.c:
razerdp.basepopup.BasePopupHelper -> razerdp.basepopup.d:
    int animationStyleRes -> n
    razerdp.basepopup.BasePopupWindow$OnPopupWindowShowListener mOnPopupWindowShowListener -> q
    android.view.ViewTreeObserver$OnGlobalLayoutListener mGlobalLayoutListener -> R
    android.widget.EditText mAutoShowInputEdittext -> D
    razerdp.basepopup.BasePopupWindow$OnDismissListener mOnDismissListener -> o
    int minHeight -> M
    int maxHeight -> K
    android.view.animation.Animation DEFAULT_MASK_SHOW_ANIMATION -> c
    razerdp.basepopup.BasePopupWindow$GravityMode gravityMode -> r
    razerdp.basepopup.BasePopupHelper$LinkedViewLayoutChangeListenerWrapper mLinkedViewLayoutChangeListenerWrapper -> S
    razerdp.basepopup.BasePopupWindow$OnBeforeShowCallback mOnBeforeShowCallback -> p
    android.view.ViewGroup$MarginLayoutParams layoutParams -> I
    android.view.animation.Animation mMaskViewDismissAnimation -> k
    android.animation.Animator mShowAnimator -> g
    razerdp.util.KeyboardUtils$OnKeyboardChangeListener mUserKeyboardStateChangeListener -> F
    int showCount -> X
    int popupViewHeight -> w
    int offsetY -> u
    android.animation.Animator mDismissAnimator -> i
    long dismissDuration -> m
    int popupGravity -> s
    int keybaordAlignViewId -> N
    android.view.animation.Animation mShowAnimation -> f
    long showDuration -> l
    int minWidth -> L
    android.view.animation.Animation mDismissAnimation -> h
razerdp.basepopup.BasePopupHelper$1 -> razerdp.basepopup.d$a:
razerdp.basepopup.BasePopupHelper$2 -> razerdp.basepopup.d$b:
razerdp.basepopup.BasePopupHelper$3 -> razerdp.basepopup.d$c:
    razerdp.basepopup.BasePopupHelper this$0 -> a
razerdp.basepopup.BasePopupHelper$4 -> razerdp.basepopup.d$d:
    razerdp.basepopup.BasePopupHelper this$0 -> a
    void onKeyboardChange(android.graphics.Rect,boolean) -> a
razerdp.basepopup.BasePopupHelper$5 -> razerdp.basepopup.d$e:
    razerdp.basepopup.BasePopupHelper this$0 -> a
razerdp.basepopup.BasePopupHelper$InnerShowInfo -> razerdp.basepopup.d$f:
    android.view.View mAnchorView -> a
    boolean positionMode -> b
razerdp.basepopup.BasePopupHelper$LinkedViewLayoutChangeListenerWrapper -> razerdp.basepopup.d$g:
    boolean hasChange -> i
    android.graphics.Rect newLocationRect -> k
    android.graphics.Rect lastLocationRect -> j
    android.view.View mTarget -> a
    float lastY -> d
    int lastHeight -> f
    float lastX -> c
    int lastVisible -> g
    int lastWidth -> e
    boolean lastShowState -> h
    razerdp.basepopup.BasePopupHelper this$0 -> l
    boolean isAdded -> b
    boolean access$000(razerdp.basepopup.BasePopupHelper$LinkedViewLayoutChangeListenerWrapper) -> a
    void attach() -> a
    boolean handleShowChange(android.view.View,boolean,boolean) -> a
    void detach() -> b
    void refreshViewParams() -> c
razerdp.basepopup.BasePopupHelper$ShowMode -> razerdp.basepopup.d$h:
    razerdp.basepopup.BasePopupHelper$ShowMode[] $VALUES -> d
    razerdp.basepopup.BasePopupHelper$ShowMode POSITION -> c
    razerdp.basepopup.BasePopupHelper$ShowMode SCREEN -> b
    razerdp.basepopup.BasePopupHelper$ShowMode RELATIVE_TO_ANCHOR -> a
razerdp.basepopup.BasePopupSDK -> razerdp.basepopup.e:
    android.app.Application mApplicationContext -> b
    java.lang.ref.WeakReference mTopActivity -> a
    java.lang.ref.WeakReference access$100(razerdp.basepopup.BasePopupSDK) -> a
    java.lang.ref.WeakReference access$102(razerdp.basepopup.BasePopupSDK,java.lang.ref.WeakReference) -> a
    android.app.Activity getTopActivity() -> a
    void init(android.content.Context) -> a
    android.app.Application getApplication() -> b
    razerdp.basepopup.BasePopupSDK getInstance() -> c
    void regLifeCallback() -> d
razerdp.basepopup.BasePopupSDK$1 -> razerdp.basepopup.e$a:
    razerdp.basepopup.BasePopupSDK this$0 -> a