app/unused.txt
com.gongwu.wherecollect.net.ApiInstance
    private static final java.lang.String TAG
com.gongwu.wherecollect.object.SelectSeasonActivity_ViewBinding
    public void <init>(com.gongwu.wherecollect.object.SelectSeasonActivity)
com.gongwu.wherecollect.contract.IRelationGoodsContract$IRelationGoodsModel
    public abstract void getRelationCategories(java.lang.String,com.gongwu.wherecollect.interfacedef.RequestCallback)
com.gongwu.wherecollect.object.SelectColorActivity
    public void getFirstCategoryListSuccess(java.util.List)
    public void showProgressDialog()
com.gongwu.wherecollect.swipecardview.SwipeFlingAdapterView
    public void init(android.content.Context,android.widget.Adapter)
    public void swipeLeft(int)
    public void swipeRight(int)
    private static final float SCALE_STEP
com.gongwu.wherecollect.activity.ArticleActivity_ViewBinding
    public void <init>(com.gongwu.wherecollect.activity.ArticleActivity)
com.gongwu.wherecollect.contract.ILoginContract$ILoginModel
    public abstract void loginEmail(com.gongwu.wherecollect.net.entity.request.LoginReq,java.lang.String,com.gongwu.wherecollect.interfacedef.RequestCallback)
com.gongwu.wherecollect.contract.IGoodsPropertyContract
com.gongwu.wherecollect.contract.IEditRoomContract$IEditRoomPresenter
    public abstract void updataRoomPosition(java.lang.String,java.lang.String)
    public abstract void addRoom(java.lang.String,java.lang.String,java.lang.String)
    public abstract void delRoom(java.lang.String,java.lang.String)
    public abstract void editRoom(java.lang.String,java.lang.String,java.lang.String)
    public abstract void moveRoom(java.lang.String,java.lang.String,java.lang.String,java.lang.String,java.util.List)
com.gongwu.wherecollect.object.AddGoodsActivity
    public static final int BOOK_CODE
    public static final int RESULT_FINISH
com.gongwu.wherecollect.object.AddGoodsActivity_ViewBinding
    public void <init>(com.gongwu.wherecollect.object.AddGoodsActivity)
com.gongwu.wherecollect.contract.IArticleContract$IArticlePresenter
    public abstract void getArticList()
com.gongwu.wherecollect.activity.InventoryActivity_ViewBinding
    public void <init>(com.gongwu.wherecollect.activity.InventoryActivity)
com.gongwu.wherecollect.activity.AddFamilyToSelectRoomsActivity_ViewBinding
    public void <init>(com.gongwu.wherecollect.activity.AddFamilyToSelectRoomsActivity)
com.gongwu.wherecollect.contract.IAddGoodsPropertyContract$IAddGoodsPropertyModel
    public abstract void getFirstCategoryList(java.lang.String,com.gongwu.wherecollect.interfacedef.RequestCallback)
com.gongwu.wherecollect.contract.IMainContract
com.gongwu.wherecollect.contract.presenter.HomePresenter
    private static final java.lang.String TAG
com.gongwu.wherecollect.activity.AddFamilyActivity_ViewBinding
    public void <init>(com.gongwu.wherecollect.activity.AddFamilyActivity)
com.gongwu.wherecollect.view.GoodsImageView
    public void setHead(java.lang.String,java.lang.String,java.lang.String,int)
com.gongwu.wherecollect.activity.FamilyAdministerDetailsActivity_ViewBinding
    public void <init>(com.gongwu.wherecollect.activity.FamilyAdministerDetailsActivity)
com.gongwu.wherecollect.view.SortChildDialog
    private static final int maxsize
    private static final int minsize
com.gongwu.wherecollect.contract.model.LoginModel$3
com.gongwu.wherecollect.util.iconNum.LauncherHelper
    public static final java.lang.String GOOGLE
    public static final java.lang.String HUAWEI
    public static final java.lang.String MEIZU
    public static final java.lang.String XIAOMI
    public static final java.lang.String OPPO
    public static final java.lang.String VIVO
    public static final java.lang.String SAMSUNG
...
androidx.annotation.CheckResult
kotlin.internal.RequireKotlin
com.azhon.appupdate.utils.HttpUtil
    public void <init>()
    private static final java.lang.String API
kotlin.coroutines.ContinuationKt
com.google.zxing.RGBLuminanceSource
com.zsitech.oncon.barcode.core.RGBLuminanceSource
    public void <init>(java.lang.String)
    private static android.graphics.Bitmap loadBitmap(java.lang.String)
io.reactivex.internal.operators.flowable.FlowableReduceMaybe$ReduceSubscriber
com.google.android.material.internal.ScrimInsetsFrameLayout
androidx.vectordrawable.graphics.drawable.Animatable2Compat
    public abstract void registerAnimationCallback(androidx.vectordrawable.graphics.drawable.Animatable2Compat$AnimationCallback)
    public abstract boolean unregisterAnimationCallback(androidx.vectordrawable.graphics.drawable.Animatable2Compat$AnimationCallback)
    public abstract void clearAnimationCallbacks()
okhttp3.internal.cache.DiskLruCache$Editor
io.reactivex.internal.operators.observable.ObservableOnErrorNext$OnErrorNextObserver
com.yalantis.ucrop.view.CropImageView
    public static final int DEFAULT_MAX_BITMAP_SIZE
    public static final int DEFAULT_IMAGE_TO_CROP_BOUNDS_ANIM_DURATION
    public static final float DEFAULT_MAX_SCALE_MULTIPLIER
    public static final float SOURCE_IMAGE_ASPECT_RATIO
    public static final float DEFAULT_ASPECT_RATIO
io.reactivex.internal.operators.observable.ObservableSwitchIfEmpty
com.google.android.material.internal.NavigationMenuPresenter$SeparatorViewHolder
com.larvalabs.svgandroid.R
kotlin.Result$Companion
    private final java.lang.Object success(java.lang.Object)
    private final java.lang.Object failure(java.lang.Throwable)
kotlin.internal.PlatformImplementations
    public kotlin.text.MatchGroup getMatchResultNamedGroup(java.util.regex.MatchResult,java.lang.String)
    public kotlin.random.Random defaultPlatformRandom()
androidx.transition.ChangeTransform$PathAnimatorMatrix
kotlin.jvm.internal.BooleanSpreadBuilder
okio.InflaterSource
    public void <init>(okio.Source,java.util.zip.Inflater)
com.azhon.appupdate.utils.SharePreUtil
okio.ForwardingSource
    public final okio.Source -deprecated_delegate()
io.reactivex.SingleOnSubscribe
cn.forward.androids.views.DragListView$DragItemListener
kotlin.jvm.internal.FloatCompanionObject
okhttp3.internal.http2.PushObserver$Companion
    static final synthetic okhttp3.internal.http2.PushObserver$Companion $$INSTANCE
io.reactivex.internal.operators.flowable.FlowableInternalHelper$ReplayFunction
io.reactivex.internal.operators.flowable.FlowableTakeUntil$TakeUntilMainSubscriber$OtherSubscriber
kotlin.collections.UShortIterator
com.google.zxing.oned.rss.expanded.decoders.DecodedChar
    static final char FNC1
okhttp3.internal.ws.RealWebSocket$Message
io.reactivex.internal.operators.maybe.MaybeFlatMapNotification
androidx.core.view.LayoutInflaterCompat$Factory2Wrapper
androidx.appcompat.widget.DropDownListView
    public int lookForSelectablePosition(int,boolean)
    public static final int INVALID_POSITION
    public static final int NO_POSITION
okhttp3.MultipartBody$Companion
    public final void appendQuotedString$okhttp(java.lang.StringBuilder,java.lang.String)
androidx.appcompat.graphics.drawable.DrawerArrowDrawable
uk.co.deanwild.materialshowcaseview.CircularRevealAnimationFactory$1
io.reactivex.internal.operators.completable.CompletableFromObservable
androidx.transition.Styleable$ChangeBounds
io.reactivex.internal.schedulers.InstantPeriodicTask
io.reactivex.internal.operators.parallel.ParallelDoOnNextTry$1
kotlin.collections.AbstractIterator
okio.PeekSource